<?xml version="1.0" encoding="UTF-8"?>
<testng-results ignored="0" total="8" passed="8" failed="0" skipped="0">
  <reporter-output>
  </reporter-output>
  <suite started-at="2024-03-05T11:01:37 EST" name="Suite" finished-at="2024-03-05T11:01:46 EST" duration-ms="8385">
    <groups>
      <group name="cucumber">
        <method signature="AbstractTestNGCucumberTests.runScenario(io.cucumber.testng.PickleWrapper,io.cucumber.testng.FeatureWrapper)[pri:0, instance:testRunner.TestRunner@338fc1d8]" name="runScenario" class="io.cucumber.testng.AbstractTestNGCucumberTests"/>
      </group> <!-- cucumber -->
    </groups>
    <test started-at="2024-03-05T11:01:37 EST" name="CucumberTest" finished-at="2024-03-05T11:01:46 EST" duration-ms="8385">
      <class name="testRunner.TestRunner">
        <test-method is-config="true" signature="setUpClass(org.testng.ITestContext)[pri:0, instance:testRunner.TestRunner@338fc1d8]" started-at="2024-03-05T11:01:37 EST" name="setUpClass" finished-at="2024-03-05T11:01:38 EST" duration-ms="900" status="PASS">
          <params>
            <param index="0">
              <value>
                <![CDATA[org.testng.TestRunner@7b24d5e4]]>
              </value>
            </param>
          </params>
          <reporter-output>
          </reporter-output>
        </test-method> <!-- setUpClass -->
        <test-method signature="runScenario(io.cucumber.testng.PickleWrapper,io.cucumber.testng.FeatureWrapper)[pri:0, instance:testRunner.TestRunner@338fc1d8]" started-at="2024-03-05T11:01:38 EST" name="runScenario" description="Runs Cucumber Scenarios" data-provider="scenarios" finished-at="2024-03-05T11:01:42 EST" duration-ms="3903" status="PASS">
          <params>
            <param index="0">
              <value>
                <![CDATA["Data retrieval from a web service using Get Http method ONE"]]>
              </value>
            </param>
            <param index="1">
              <value>
                <![CDATA["Testing Rest Api https://jsonplaceholder.typicode.com/"]]>
              </value>
            </param>
          </params>
          <reporter-output>
          </reporter-output>
        </test-method> <!-- runScenario -->
        <test-method signature="runScenario(io.cucumber.testng.PickleWrapper,io.cucumber.testng.FeatureWrapper)[pri:0, instance:testRunner.TestRunner@338fc1d8]" started-at="2024-03-05T11:01:42 EST" name="runScenario" description="Runs Cucumber Scenarios" data-provider="scenarios" finished-at="2024-03-05T11:01:42 EST" duration-ms="285" status="PASS">
          <params>
            <param index="0">
              <value>
                <![CDATA["Data retrieval from a web service using Get Http method TWO"]]>
              </value>
            </param>
            <param index="1">
              <value>
                <![CDATA["Testing Rest Api https://jsonplaceholder.typicode.com/"]]>
              </value>
            </param>
          </params>
          <reporter-output>
          </reporter-output>
        </test-method> <!-- runScenario -->
        <test-method signature="runScenario(io.cucumber.testng.PickleWrapper,io.cucumber.testng.FeatureWrapper)[pri:0, instance:testRunner.TestRunner@338fc1d8]" started-at="2024-03-05T11:01:42 EST" name="runScenario" description="Runs Cucumber Scenarios" data-provider="scenarios" finished-at="2024-03-05T11:01:43 EST" duration-ms="345" status="PASS">
          <params>
            <param index="0">
              <value>
                <![CDATA["Data retrieval from a web service using Get Http method TWO"]]>
              </value>
            </param>
            <param index="1">
              <value>
                <![CDATA["Testing Rest Api https://jsonplaceholder.typicode.com/"]]>
              </value>
            </param>
          </params>
          <reporter-output>
          </reporter-output>
        </test-method> <!-- runScenario -->
        <test-method signature="runScenario(io.cucumber.testng.PickleWrapper,io.cucumber.testng.FeatureWrapper)[pri:0, instance:testRunner.TestRunner@338fc1d8]" started-at="2024-03-05T11:01:43 EST" name="runScenario" description="Runs Cucumber Scenarios" data-provider="scenarios" finished-at="2024-03-05T11:01:43 EST" duration-ms="273" status="PASS">
          <params>
            <param index="0">
              <value>
                <![CDATA["Data retrieval from a web service using Get Http method TWO"]]>
              </value>
            </param>
            <param index="1">
              <value>
                <![CDATA["Testing Rest Api https://jsonplaceholder.typicode.com/"]]>
              </value>
            </param>
          </params>
          <reporter-output>
          </reporter-output>
        </test-method> <!-- runScenario -->
        <test-method signature="runScenario(io.cucumber.testng.PickleWrapper,io.cucumber.testng.FeatureWrapper)[pri:0, instance:testRunner.TestRunner@338fc1d8]" started-at="2024-03-05T11:01:43 EST" name="runScenario" description="Runs Cucumber Scenarios" data-provider="scenarios" finished-at="2024-03-05T11:01:44 EST" duration-ms="650" status="PASS">
          <params>
            <param index="0">
              <value>
                <![CDATA["Creating  New User in the database"]]>
              </value>
            </param>
            <param index="1">
              <value>
                <![CDATA["Testing Rest Api https://jsonplaceholder.typicode.com/"]]>
              </value>
            </param>
          </params>
          <reporter-output>
          </reporter-output>
        </test-method> <!-- runScenario -->
        <test-method signature="runScenario(io.cucumber.testng.PickleWrapper,io.cucumber.testng.FeatureWrapper)[pri:0, instance:testRunner.TestRunner@338fc1d8]" started-at="2024-03-05T11:01:44 EST" name="runScenario" description="Runs Cucumber Scenarios" data-provider="scenarios" finished-at="2024-03-05T11:01:44 EST" duration-ms="241" status="PASS">
          <params>
            <param index="0">
              <value>
                <![CDATA["Deleting  a User from the database"]]>
              </value>
            </param>
            <param index="1">
              <value>
                <![CDATA["Testing Rest Api https://jsonplaceholder.typicode.com/"]]>
              </value>
            </param>
          </params>
          <reporter-output>
          </reporter-output>
        </test-method> <!-- runScenario -->
        <test-method signature="runScenario(io.cucumber.testng.PickleWrapper,io.cucumber.testng.FeatureWrapper)[pri:0, instance:testRunner.TestRunner@338fc1d8]" started-at="2024-03-05T11:01:44 EST" name="runScenario" description="Runs Cucumber Scenarios" data-provider="scenarios" finished-at="2024-03-05T11:01:45 EST" duration-ms="835" status="PASS">
          <params>
            <param index="0">
              <value>
                <![CDATA["Retriving all users from the data base"]]>
              </value>
            </param>
            <param index="1">
              <value>
                <![CDATA["Testing Rest Api https://jsonplaceholder.typicode.com/"]]>
              </value>
            </param>
          </params>
          <reporter-output>
          </reporter-output>
        </test-method> <!-- runScenario -->
        <test-method signature="runScenario(io.cucumber.testng.PickleWrapper,io.cucumber.testng.FeatureWrapper)[pri:0, instance:testRunner.TestRunner@338fc1d8]" started-at="2024-03-05T11:01:45 EST" name="runScenario" description="Runs Cucumber Scenarios" data-provider="scenarios" finished-at="2024-03-05T11:01:45 EST" duration-ms="473" status="PASS">
          <params>
            <param index="0">
              <value>
                <![CDATA["Validate the UserId present in the data base"]]>
              </value>
            </param>
            <param index="1">
              <value>
                <![CDATA["Testing Rest Api https://jsonplaceholder.typicode.com/"]]>
              </value>
            </param>
          </params>
          <reporter-output>
          </reporter-output>
        </test-method> <!-- runScenario -->
        <test-method is-config="true" signature="tearDownClass()[pri:0, instance:testRunner.TestRunner@338fc1d8]" started-at="2024-03-05T11:01:45 EST" name="tearDownClass" finished-at="2024-03-05T11:01:46 EST" duration-ms="409" status="PASS">
          <reporter-output>
          </reporter-output>
        </test-method> <!-- tearDownClass -->
      </class> <!-- testRunner.TestRunner -->
    </test> <!-- CucumberTest -->
  </suite> <!-- Suite -->
</testng-results>
